[2023-06-05 21:41:29] [INFO] Loaded event guildMemberAdd
[2023-06-05 21:41:29] [INFO] Loaded event guildMemberRemove
[2023-06-05 21:41:29] [INFO] Loaded event interactionCreate
[2023-06-05 21:41:29] [INFO] Loaded event messageCreate
[2023-06-05 21:41:30] [INFO] Loaded event ready
[2023-06-05 21:41:30] [INFO] [1] Loading message commands...
[2023-06-05 21:41:30] [INFO] [1] Loading slash commands...
[2023-06-05 21:41:30] [INFO] [1] Loaded slash command help
[2023-06-05 21:41:30] [INFO] [1] Loaded slash command deploy
[2023-06-05 21:41:30] [INFO] [1] Loaded slash command embedposter
[2023-06-05 21:41:30] [INFO] [1] Shard is ready
[2023-06-05 21:41:30] [INFO] [1] Logged in as Afterburner#4747
[2023-06-05 21:41:30] [INFO] [1] Successfully registered application commands for guild 1115090813823766600.
[2023-06-05 21:46:21] [INFO] Loaded event guildMemberAdd
[2023-06-05 21:46:21] [INFO] Loaded event guildMemberRemove
[2023-06-05 21:46:21] [INFO] Loaded event interactionCreate
[2023-06-05 21:46:21] [INFO] Loaded event messageCreate
[2023-06-05 21:46:21] [INFO] Loaded event ready
[2023-06-05 21:46:21] [INFO] [1] Loading message commands...
[2023-06-05 21:46:21] [INFO] [1] Loading slash commands...
[2023-06-05 21:46:21] [INFO] [1] Loaded slash command help
[2023-06-05 21:46:21] [INFO] [1] Loaded slash command deploy
[2023-06-05 21:46:21] [INFO] [1] Loaded slash command embedposter
[2023-06-05 21:46:22] [INFO] [1] Shard is ready
[2023-06-05 21:46:22] [INFO] [1] Logged in as Afterburner#4747
[2023-06-05 21:46:22] [INFO] [1] Successfully registered application commands for guild 1115090813823766600.
[2023-06-05 21:50:00] [INFO] Loaded event guildMemberAdd
[2023-06-05 21:50:00] [INFO] Loaded event guildMemberRemove
[2023-06-05 21:50:00] [INFO] Loaded event interactionCreate
[2023-06-05 21:50:00] [INFO] Loaded event messageCreate
[2023-06-05 21:50:00] [INFO] Loaded event ready
[2023-06-05 21:50:00] [INFO] [1] Loading message commands...
[2023-06-05 21:50:00] [INFO] [1] Loading slash commands...
[2023-06-05 21:50:00] [INFO] [1] Loaded slash command help
[2023-06-05 21:50:00] [INFO] [1] Loaded slash command deploy
[2023-06-05 21:50:00] [INFO] [1] Loaded slash command embedposter
[2023-06-05 21:50:01] [INFO] [1] Shard is ready
[2023-06-05 21:50:01] [INFO] [1] Logged in as Afterburner#4747
[2023-06-05 21:50:01] [INFO] [1] Successfully registered application commands for guild 1115090813823766600.
[2023-06-05 21:51:05] [ERROR] [1] Bot encountered an unhandled promise rejection
[2023-06-05 21:52:02] [ERROR] [1] Bot encountered an unhandled promise rejection
[2023-06-05 21:53:06] [ERROR] [1] Bot encountered an unhandled promise rejection
[2023-06-05 21:53:23] [INFO] Loaded event guildMemberAdd
[2023-06-05 21:53:23] [INFO] Loaded event guildMemberRemove
[2023-06-05 21:53:23] [INFO] Loaded event interactionCreate
[2023-06-05 21:53:23] [INFO] Loaded event messageCreate
[2023-06-05 21:53:23] [INFO] Loaded event ready
[2023-06-05 21:53:23] [INFO] [1] Loading message commands...
[2023-06-05 21:53:23] [INFO] [1] Loading slash commands...
[2023-06-05 21:53:23] [INFO] [1] Loaded slash command help
[2023-06-05 21:53:23] [INFO] [1] Loaded slash command deploy
[2023-06-05 21:53:23] [INFO] [1] Loaded slash command embedposter
[2023-06-05 21:53:24] [INFO] [1] Shard is ready
[2023-06-05 21:53:24] [INFO] [1] Logged in as Afterburner#4747
[2023-06-05 21:53:24] [INFO] [1] Successfully registered application commands for guild 1115090813823766600.
[2023-06-05 21:56:22] [INFO] Loaded event guildMemberAdd
[2023-06-05 21:56:22] [INFO] Loaded event guildMemberRemove
[2023-06-05 21:56:22] [INFO] Loaded event interactionCreate
[2023-06-05 21:56:22] [INFO] Loaded event messageCreate
[2023-06-05 21:56:22] [INFO] Loaded event ready
[2023-06-05 21:56:22] [INFO] [1] Loading message commands...
[2023-06-05 21:56:22] [INFO] [1] Loading slash commands...
[2023-06-05 21:56:22] [INFO] [1] Loaded slash command help
[2023-06-05 21:56:22] [INFO] [1] Loaded slash command deploy
[2023-06-05 21:56:22] [INFO] [1] Loaded slash command embedposter
[2023-06-05 21:56:23] [INFO] [1] Shard is ready
[2023-06-05 21:56:23] [INFO] [1] Logged in as Afterburner#4747
[2023-06-05 21:56:23] [INFO] [1] Successfully registered application commands for guild 1115090813823766600.
[2023-06-05 21:57:45] [INFO] Loaded event guildMemberAdd
[2023-06-05 21:57:45] [INFO] Loaded event guildMemberRemove
[2023-06-05 21:57:45] [INFO] Loaded event interactionCreate
[2023-06-05 21:57:45] [INFO] Loaded event messageCreate
[2023-06-05 21:57:46] [INFO] Loaded event ready
[2023-06-05 21:57:46] [INFO] [1] Loading message commands...
[2023-06-05 21:57:46] [INFO] [1] Loading slash commands...
[2023-06-05 21:57:46] [INFO] [1] Loaded slash command help
[2023-06-05 21:57:46] [INFO] [1] Loaded slash command deploy
[2023-06-05 21:57:46] [INFO] [1] Loaded slash command embedposter
[2023-06-05 21:57:46] [INFO] [1] Shard is ready
[2023-06-05 21:57:46] [INFO] [1] Logged in as Afterburner#4747
[2023-06-05 21:57:46] [INFO] [1] Successfully registered application commands for guild 1115090813823766600.
[2023-06-05 22:07:41] [INFO] Loaded event guildMemberAdd
[2023-06-05 22:07:41] [INFO] Loaded event guildMemberRemove
[2023-06-05 22:07:41] [INFO] Loaded event interactionCreate
[2023-06-05 22:07:41] [INFO] Loaded event messageCreate
[2023-06-05 22:07:42] [INFO] Loaded event ready
[2023-06-05 22:07:42] [INFO] [1] Loading message commands...
[2023-06-05 22:07:42] [INFO] [1] Loading slash commands...
[2023-06-05 22:07:42] [INFO] [1] Loaded slash command help
[2023-06-05 22:07:42] [INFO] [1] Loaded slash command deploy
[2023-06-05 22:07:42] [INFO] [1] Loaded slash command embedposter
[2023-06-05 22:07:42] [INFO] [1] Shard is ready
[2023-06-05 22:07:42] [INFO] [1] Logged in as Afterburner#4747
[2023-06-05 22:07:42] [INFO] [1] Successfully registered application commands for guild 1115090813823766600.
[2023-06-05 22:08:20] [INFO] Loaded event guildMemberAdd
[2023-06-05 22:08:20] [INFO] Loaded event guildMemberRemove
[2023-06-05 22:08:20] [INFO] Loaded event interactionCreate
[2023-06-05 22:08:20] [INFO] Loaded event messageCreate
[2023-06-05 22:08:20] [INFO] Loaded event ready
[2023-06-05 22:08:20] [INFO] [1] Loading message commands...
[2023-06-05 22:08:20] [INFO] [1] Loading slash commands...
[2023-06-05 22:08:20] [INFO] [1] Loaded slash command help
[2023-06-05 22:08:20] [INFO] [1] Loaded slash command deploy
[2023-06-05 22:08:20] [INFO] [1] Loaded slash command embedposter
[2023-06-05 22:08:21] [INFO] [1] Shard is ready
[2023-06-05 22:08:21] [INFO] [1] Logged in as Afterburner#4747
[2023-06-05 22:08:21] [INFO] [1] Successfully registered application commands for guild 1115090813823766600.
